Using pre-set license
Built from '2021.3/staging' branch; Version is '2021.3.21f1 (1b156197d683) revision 1774945'; Using compiler version '192829333'; Build Type 'Release'
OS: 'Windows 11  (10.0.22621) 64bit Core' Language: 'en' Physical Memory: 16088 MB
BatchMode: 1, IsHumanControllingUs: 0, StartBugReporterOnCrash: 0, Is64bit: 1, IsPro: 1

COMMAND LINE ARGUMENTS:
C:\Program Files\Unity\Hub\Editor\2021.3.21f1\Editor\Unity.exe
-adb2
-batchMode
-noUpm
-name
AssetImportWorker4
-projectPath
C:/Users/VNGkh/Unity Project/My project
-logFile
Logs/AssetImportWorker4.log
-srvPort
64027
Successfully changed project path to: C:/Users/VNGkh/Unity Project/My project
C:/Users/VNGkh/Unity Project/My project
[UnityMemory] Configuration Parameters - Can be set up in boot.config
    "memorysetup-bucket-allocator-granularity=16"
    "memorysetup-bucket-allocator-bucket-count=8"
    "memorysetup-bucket-allocator-block-size=33554432"
    "memorysetup-bucket-allocator-block-count=8"
    "memorysetup-main-allocator-block-size=16777216"
    "memorysetup-thread-allocator-block-size=16777216"
    "memorysetup-gfx-main-allocator-block-size=16777216"
    "memorysetup-gfx-thread-allocator-block-size=16777216"
    "memorysetup-cache-allocator-block-size=4194304"
    "memorysetup-typetree-allocator-block-size=2097152"
    "memorysetup-profiler-bucket-allocator-granularity=16"
    "memorysetup-profiler-bucket-allocator-bucket-count=8"
    "memorysetup-profiler-bucket-allocator-block-size=33554432"
    "memorysetup-profiler-bucket-allocator-block-count=8"
    "memorysetup-profiler-allocator-block-size=16777216"
    "memorysetup-profiler-editor-allocator-block-size=1048576"
    "memorysetup-temp-allocator-size-main=16777216"
    "memorysetup-job-temp-allocator-block-size=2097152"
    "memorysetup-job-temp-allocator-block-size-background=1048576"
    "memorysetup-job-temp-allocator-reduction-small-platforms=262144"
    "memorysetup-temp-allocator-size-background-worker=32768"
    "memorysetup-temp-allocator-size-job-worker=262144"
    "memorysetup-temp-allocator-size-preload-manager=33554432"
    "memorysetup-temp-allocator-size-nav-mesh-worker=65536"
    "memorysetup-temp-allocator-size-audio-worker=65536"
    "memorysetup-temp-allocator-size-cloud-worker=32768"
    "memorysetup-temp-allocator-size-gi-baking-worker=262144"
    "memorysetup-temp-allocator-size-gfx=262144"
Player connection [22192] Host "[IP] 192.168.1.4 [Port] 0 [Flags] 2 [Guid] 1475883219 [EditorId] 1475883219 [Version] 1048832 [Id] WindowsEditor(7,PREDATOR) [Debug] 1 [PackageName] WindowsEditor [ProjectName] Editor" joined multi-casting on [225.0.0.222:54997]...

Player connection [22192] Host "[IP] 192.168.1.4 [Port] 0 [Flags] 2 [Guid] 1475883219 [EditorId] 1475883219 [Version] 1048832 [Id] WindowsEditor(7,PREDATOR) [Debug] 1 [PackageName] WindowsEditor [ProjectName] Editor" joined alternative multi-casting on [225.0.0.222:34997]...

Refreshing native plugins compatible for Editor in 78.37 ms, found 3 plugins.
Preloading 0 native plugins for Editor in 0.00 ms.
Initialize engine version: 2021.3.21f1 (1b156197d683)
[Subsystems] Discovering subsystems at path C:/Program Files/Unity/Hub/Editor/2021.3.21f1/Editor/Data/Resources/UnitySubsystems
[Subsystems] Discovering subsystems at path C:/Users/VNGkh/Unity Project/My project/Assets
GfxDevice: creating device client; threaded=0; jobified=0
Direct3D:
    Version:  Direct3D 11.0 [level 11.1]
    Renderer: NVIDIA GeForce RTX 3060 Laptop GPU (ID=0x2560)
    Vendor:   NVIDIA
    VRAM:     6009 MB
    Driver:   31.0.15.3118
Initialize mono
Mono path[0] = 'C:/Program Files/Unity/Hub/Editor/2021.3.21f1/Editor/Data/Managed'
Mono path[1] = 'C:/Program Files/Unity/Hub/Editor/2021.3.21f1/Editor/Data/MonoBleedingEdge/lib/mono/unityjit-win32'
Mono config path = 'C:/Program Files/Unity/Hub/Editor/2021.3.21f1/Editor/Data/MonoBleedingEdge/etc'
Using monoOptions --debugger-agent=transport=dt_socket,embedding=1,server=y,suspend=n,address=127.0.0.1:56216
Begin MonoManager ReloadAssembly
Registering precompiled unity dll's ...
Register platform support module: C:/Program Files/Unity/Hub/Editor/2021.3.21f1/Editor/Data/PlaybackEngines/WebGLSupport/UnityEditor.WebGL.Extensions.dll
Register platform support module: C:/Program Files/Unity/Hub/Editor/2021.3.21f1/Editor/Data/PlaybackEngines/AndroidPlayer/UnityEditor.Android.Extensions.dll
Register platform support module: C:/Program Files/Unity/Hub/Editor/2021.3.21f1/Editor/Data/PlaybackEngines/WindowsStandaloneSupport/UnityEditor.WindowsStandalone.Extensions.dll
Registered in 0.005214 seconds.
Native extension for WindowsStandalone target not found
Native extension for Android target not found
Android Extension - Scanning For ADB Devices 338 ms
Native extension for WebGL target not found
Refreshing native plugins compatible for Editor in 66.30 ms, found 3 plugins.
Preloading 0 native plugins for Editor in 0.00 ms.
Mono: successfully reloaded assembly
- Completed reload, in  1.024 seconds
Domain Reload Profiling:
	ReloadAssembly (1025ms)
		BeginReloadAssembly (119ms)
			ExecutionOrderSort (0ms)
			DisableScriptedObjects (0ms)
			BackupInstance (0ms)
			ReleaseScriptingObjects (0ms)
			CreateAndSetChildDomain (1ms)
		EndReloadAssembly (817ms)
			LoadAssemblies (117ms)
			RebuildTransferFunctionScriptingTraits (0ms)
			SetupTypeCache (133ms)
			ReleaseScriptCaches (0ms)
			RebuildScriptCaches (25ms)
			SetupLoadedEditorAssemblies (607ms)
				LogAssemblyErrors (0ms)
				InitializePlatformSupportModulesInManaged (415ms)
				SetLoadedEditorAssemblies (0ms)
				RefreshPlugins (66ms)
				BeforeProcessingInitializeOnLoad (1ms)
				ProcessInitializeOnLoadAttributes (88ms)
				ProcessInitializeOnLoadMethodAttributes (36ms)
				AfterProcessingInitializeOnLoad (0ms)
				EditorAssembliesLoaded (0ms)
			ExecutionOrderSort2 (0ms)
			AwakeInstancesAfterBackupRestoration (0ms)
Platform modules already initialized, skipping
Registering precompiled user dll's ...
Registered in 0.003856 seconds.
Begin MonoManager ReloadAssembly
Symbol file LoadedFromMemory doesn't match image C:\Users\VNGkh\Unity Project\My project\Library\PackageCache\com.unity.visualscripting@1.8.0\Editor\VisualScripting.Core\Dependencies\YamlDotNet\Unity.VisualScripting.YamlDotNet.dll
Symbol file LoadedFromMemory doesn't match image C:\Users\VNGkh\Unity Project\My project\Library\PackageCache\com.unity.visualscripting@1.8.0\Editor\VisualScripting.Core\Dependencies\DotNetZip\Unity.VisualScripting.IonicZip.dll
Native extension for WindowsStandalone target not found
Native extension for Android target not found
Native extension for WebGL target not found
Refreshing native plugins compatible for Editor in 0.48 ms, found 3 plugins.
Preloading 0 native plugins for Editor in 0.00 ms.
Mono: successfully reloaded assembly
- Completed reload, in  1.110 seconds
Domain Reload Profiling:
	ReloadAssembly (1111ms)
		BeginReloadAssembly (103ms)
			ExecutionOrderSort (0ms)
			DisableScriptedObjects (5ms)
			BackupInstance (0ms)
			ReleaseScriptingObjects (0ms)
			CreateAndSetChildDomain (17ms)
		EndReloadAssembly (915ms)
			LoadAssemblies (80ms)
			RebuildTransferFunctionScriptingTraits (0ms)
			SetupTypeCache (324ms)
			ReleaseScriptCaches (0ms)
			RebuildScriptCaches (45ms)
			SetupLoadedEditorAssemblies (420ms)
				LogAssemblyErrors (0ms)
				InitializePlatformSupportModulesInManaged (26ms)
				SetLoadedEditorAssemblies (0ms)
				RefreshPlugins (1ms)
				BeforeProcessingInitializeOnLoad (72ms)
				ProcessInitializeOnLoadAttributes (296ms)
				ProcessInitializeOnLoadMethodAttributes (18ms)
				AfterProcessingInitializeOnLoad (6ms)
				EditorAssembliesLoaded (0ms)
			ExecutionOrderSort2 (0ms)
			AwakeInstancesAfterBackupRestoration (7ms)
Platform modules already initialized, skipping
========================================================================
Worker process is ready to serve import requests
Launched and connected shader compiler UnityShaderCompiler.exe after 0.07 seconds
Refreshing native plugins compatible for Editor in 0.78 ms, found 3 plugins.
Preloading 0 native plugins for Editor in 0.00 ms.
Unloading 3047 Unused Serialized files (Serialized files now loaded: 0)
Unloading 24 unused Assets / (113.4 KB). Loaded Objects now: 3510.
Memory consumption went from 107.6 MB to 107.5 MB.
Total: 3.431500 ms (FindLiveObjects: 0.190300 ms CreateObjectMapping: 0.080000 ms MarkObjects: 3.055300 ms  DeleteObjects: 0.104800 ms)

AssetImportParameters requested are different than current active one (requested -> active):
  custom:video-decoder-ogg-theora: a1e56fd34408186e4bbccfd4996cb3dc -> 
  custom:container-muxer-webm: aa71ff27fc2769a1b78a27578f13a17b -> 
  custom:container-demuxer-webm: 4f35f7cbe854078d1ac9338744f61a02 -> 
  custom:video-encoder-webm-vp8: eb34c28f22e8b96e1ab97ce403110664 -> 
  custom:audio-encoder-webm-vorbis: bf7c407c2cedff20999df2af8eb42d56 -> 
  custom:framework-win-MediaFoundation: 216162199b28c13a410421893ffa2e32 -> 
  custom:container-demuxer-ogg: 62fdf1f143b41e24485cea50d1cbac27 -> 
  custom:video-decoder-webm-vp8: 9c59270c3fd7afecdb556c50c9e8de78 -> 
  custom:audio-decoder-ogg-vorbis: bf7c407c2cedff20999df2af8eb42d56 -> 
========================================================================
Received Import Request.
  Time since last request: 100865.612402 seconds.
  path: Assets/Models/Car3B.fbx
  artifactKey: Guid(3fee58ffe7b213f48afc92763f40bf65) Importer(815301076,1909f56bfc062723c751e8b465ee728b)
Start importing Assets/Models/Car3B.fbx using Guid(3fee58ffe7b213f48afc92763f40bf65) Importer(815301076,1909f56bfc062723c751e8b465ee728b)  -> (artifact id: 'eba45a8318b25d5179575f517fd66f3a') in 0.262361 seconds 
========================================================================
Received Import Request.
  Time since last request: 2.419379 seconds.
  path: Assets/Models/Corn3.fbx
  artifactKey: Guid(b7cebc7e3ea1b044f80a7b04fa56e6fd) Importer(815301076,1909f56bfc062723c751e8b465ee728b)
Start importing Assets/Models/Corn3.fbx using Guid(b7cebc7e3ea1b044f80a7b04fa56e6fd) Importer(815301076,1909f56bfc062723c751e8b465ee728b)  -> (artifact id: 'eedfa93500375d8a72717b470d33ac5a') in 0.068319 seconds 
========================================================================
Received Import Request.
  Time since last request: 0.466639 seconds.
  path: Assets/Models/Farm_fence3.fbx
  artifactKey: Guid(9dfc9dc703022eb45a68a94dbba0496d) Importer(815301076,1909f56bfc062723c751e8b465ee728b)
Start importing Assets/Models/Farm_fence3.fbx using Guid(9dfc9dc703022eb45a68a94dbba0496d) Importer(815301076,1909f56bfc062723c751e8b465ee728b)  -> (artifact id: 'c092137c574bf6e38d3be7d4fd9d20dc') in 0.070141 seconds 
========================================================================
Received Import Request.
  Time since last request: 0.000022 seconds.
  path: Assets/Models/Food_bar.fbx
  artifactKey: Guid(874067a31cbeabd4fa87dda3dd601664) Importer(815301076,1909f56bfc062723c751e8b465ee728b)
Start importing Assets/Models/Food_bar.fbx using Guid(874067a31cbeabd4fa87dda3dd601664) Importer(815301076,1909f56bfc062723c751e8b465ee728b)  -> (artifact id: 'bb5d48332101e85468f2636450c063ba') in 0.052668 seconds 
========================================================================
Received Import Request.
  Time since last request: 0.000029 seconds.
  path: Assets/Models/Garage3.fbx
  artifactKey: Guid(efc27807b5939fe44818b88bc379e35d) Importer(815301076,1909f56bfc062723c751e8b465ee728b)
Start importing Assets/Models/Garage3.fbx using Guid(efc27807b5939fe44818b88bc379e35d) Importer(815301076,1909f56bfc062723c751e8b465ee728b)  -> (artifact id: '6a79a2f1b2adc9ae198c277d7920d6f1') in 0.047779 seconds 
========================================================================
Received Import Request.
  Time since last request: 0.000022 seconds.
  path: Assets/Models/House5.fbx
  artifactKey: Guid(27c092ecf5970134a86c1876cdf51e8a) Importer(815301076,1909f56bfc062723c751e8b465ee728b)
Start importing Assets/Models/House5.fbx using Guid(27c092ecf5970134a86c1876cdf51e8a) Importer(815301076,1909f56bfc062723c751e8b465ee728b)  -> (artifact id: 'ffb259e730c3ea21eacdd1e106324212') in 0.030542 seconds 
========================================================================
Received Import Request.
  Time since last request: 0.795164 seconds.
  path: Assets/Models/House9.fbx
  artifactKey: Guid(ec3cf6362ce6a804e90ecf251f56d2f1) Importer(815301076,1909f56bfc062723c751e8b465ee728b)
Start importing Assets/Models/House9.fbx using Guid(ec3cf6362ce6a804e90ecf251f56d2f1) Importer(815301076,1909f56bfc062723c751e8b465ee728b)  -> (artifact id: '52c49ec762cab859e769a4d367631050') in 0.072615 seconds 
========================================================================
Received Import Request.
  Time since last request: 0.000039 seconds.
  path: Assets/Models/House15.fbx
  artifactKey: Guid(cc87c4a69fa254d4a9fd96f436831cf7) Importer(815301076,1909f56bfc062723c751e8b465ee728b)
Start importing Assets/Models/House15.fbx using Guid(cc87c4a69fa254d4a9fd96f436831cf7) Importer(815301076,1909f56bfc062723c751e8b465ee728b)  -> (artifact id: '15b03ce6fd3613ebd13f4a67ee2d18f7') in 0.037081 seconds 
========================================================================
Received Import Request.
  Time since last request: 0.008717 seconds.
  path: Assets/Models/House17.fbx
  artifactKey: Guid(6cfa97fd98c478e46ad896e83e10a34e) Importer(815301076,1909f56bfc062723c751e8b465ee728b)
Start importing Assets/Models/House17.fbx using Guid(6cfa97fd98c478e46ad896e83e10a34e) Importer(815301076,1909f56bfc062723c751e8b465ee728b)  -> (artifact id: '7e6cfcbc5b5582ebb9249b1914e66925') in 0.037954 seconds 
========================================================================
Received Import Request.
  Time since last request: 0.000032 seconds.
  path: Assets/Models/Pipe1D.fbx
  artifactKey: Guid(44bb80a806c755d419665b6a4ce0bd36) Importer(815301076,1909f56bfc062723c751e8b465ee728b)
Start importing Assets/Models/Pipe1D.fbx using Guid(44bb80a806c755d419665b6a4ce0bd36) Importer(815301076,1909f56bfc062723c751e8b465ee728b)  -> (artifact id: 'd65f9c57eb8d7014489bb3780c23f7dc') in 0.024492 seconds 
========================================================================
Received Import Request.
  Time since last request: 0.000025 seconds.
  path: Assets/Models/Metal_Fance1.fbx
  artifactKey: Guid(4d8ef2d94a6b27b47a5991c652cf2a00) Importer(815301076,1909f56bfc062723c751e8b465ee728b)
Start importing Assets/Models/Metal_Fance1.fbx using Guid(4d8ef2d94a6b27b47a5991c652cf2a00) Importer(815301076,1909f56bfc062723c751e8b465ee728b)  -> (artifact id: '34774eee78810bd270f3cc2dd9529174') in 0.024883 seconds 
========================================================================
Received Import Request.
  Time since last request: 0.000023 seconds.
  path: Assets/Models/Mailbox.fbx
  artifactKey: Guid(38ad7d5fdccc3a74bb533c92e909af16) Importer(815301076,1909f56bfc062723c751e8b465ee728b)
Start importing Assets/Models/Mailbox.fbx using Guid(38ad7d5fdccc3a74bb533c92e909af16) Importer(815301076,1909f56bfc062723c751e8b465ee728b)  -> (artifact id: 'bc9f923683ec1c5128ab2b7d97cfc7a8') in 0.023841 seconds 
========================================================================
Received Import Request.
  Time since last request: 0.598308 seconds.
  path: Assets/Models/Powerpole1_cable.fbx
  artifactKey: Guid(b881c44cdec1f7b49a8461e4fb532fda) Importer(815301076,1909f56bfc062723c751e8b465ee728b)
Start importing Assets/Models/Powerpole1_cable.fbx using Guid(b881c44cdec1f7b49a8461e4fb532fda) Importer(815301076,1909f56bfc062723c751e8b465ee728b)  -> (artifact id: '223f788c7732215304576320715f8909') in 0.061048 seconds 
========================================================================
Received Import Request.
  Time since last request: 12.455016 seconds.
  path: Assets/Models/Road1.fbx
  artifactKey: Guid(5d3f6194d2c750b459b1ce9bcc89a748) Importer(815301076,1909f56bfc062723c751e8b465ee728b)
Start importing Assets/Models/Road1.fbx using Guid(5d3f6194d2c750b459b1ce9bcc89a748) Importer(815301076,1909f56bfc062723c751e8b465ee728b)  -> (artifact id: 'a08f860772141de4b26cf4aaa2975e25') in 0.083545 seconds 
========================================================================
Received Import Request.
  Time since last request: 0.000029 seconds.
  path: Assets/Models/Road6.fbx
  artifactKey: Guid(ef86367c0a4eafe47aafb2e126516822) Importer(815301076,1909f56bfc062723c751e8b465ee728b)
Start importing Assets/Models/Road6.fbx using Guid(ef86367c0a4eafe47aafb2e126516822) Importer(815301076,1909f56bfc062723c751e8b465ee728b)  -> (artifact id: 'd86b4081844cf5ea1aa8d999b8def0cd') in 0.051680 seconds 
========================================================================
Received Import Request.
  Time since last request: 0.000031 seconds.
  path: Assets/Models/Shed2B.fbx
  artifactKey: Guid(64f98d4a604025b449e4dab6fa241fc7) Importer(815301076,1909f56bfc062723c751e8b465ee728b)
Start importing Assets/Models/Shed2B.fbx using Guid(64f98d4a604025b449e4dab6fa241fc7) Importer(815301076,1909f56bfc062723c751e8b465ee728b)  -> (artifact id: '6e9e0a594fc416cb96c892ab8ce2467f') in 0.049439 seconds 
========================================================================
Received Import Request.
  Time since last request: 0.000033 seconds.
  path: Assets/Models/Shop_logo1.fbx
  artifactKey: Guid(9ac94c55402ecf84ab42f93f6a65c950) Importer(815301076,1909f56bfc062723c751e8b465ee728b)
Start importing Assets/Models/Shop_logo1.fbx using Guid(9ac94c55402ecf84ab42f93f6a65c950) Importer(815301076,1909f56bfc062723c751e8b465ee728b)  -> (artifact id: '4335c90bcd4372faa096316564947553') in 0.051820 seconds 
========================================================================
Received Import Request.
  Time since last request: 0.000034 seconds.
  path: Assets/Models/Rock6.fbx
  artifactKey: Guid(780ac2675f34d6d458aa9f8a333f7afe) Importer(815301076,1909f56bfc062723c751e8b465ee728b)
Start importing Assets/Models/Rock6.fbx using Guid(780ac2675f34d6d458aa9f8a333f7afe) Importer(815301076,1909f56bfc062723c751e8b465ee728b)  -> (artifact id: '036b93b8ea06ca4f11e9d8c0e921a5a6') in 0.043470 seconds 
Editor requested this worker to shutdown with reason: Scaling down because of idle timeout
AssetImportWorker is now disconnected from the server
Process exiting
Exiting without the bug reporter. Application will terminate with return code 0